<?xml version="1.0" encoding="UTF-8"?>
<!-- Generated by org.testng.reporters.JUnitReportReporter -->
<testsuite hostname="DESKTOP-C4NST0J" failures="0" tests="1" name="com.hrm.testscript.wdBasic" time="23.121" errors="0" timestamp="2022-05-12T12:47:26 IST" skipped="0">
  <testcase classname="com.hrm.testscript.wdBasic" name="Test" time="23.121"/>
  <system-out/>
</testsuite> <!-- com.hrm.testscript.wdBasic -->
