<?xml version="1.0" encoding="UTF-8"?>
<!-- Generated by org.testng.reporters.JUnitReportReporter -->
<testsuite hostname="DESKTOP-C4NST0J" failures="0" tests="3" name="com.hrm.testscript.DataDrivenTest" time="67.285" errors="0" timestamp="2022-06-17T16:55:54 IST" skipped="0">
  <testcase classname="com.hrm.testscript.DataDrivenTest" name="TestMultipleUserLogin" time="21.842"/>
  <system-out/>
  <testcase classname="com.hrm.testscript.DataDrivenTest" name="TestMultipleUserLogin" time="22.020"/>
  <system-out/>
  <testcase classname="com.hrm.testscript.DataDrivenTest" name="TestMultipleUserLogin" time="23.423"/>
  <system-out/>
</testsuite> <!-- com.hrm.testscript.DataDrivenTest -->
